<?xml version="1.0" encoding="UTF-8"?>
<testsuite name="ControladorTarefaTest" tests="4" skipped="0" failures="0" errors="0" timestamp="2025-08-26T13:24:27.664Z" hostname="carlos-b450tfaam4" time="0.557">
  <properties/>
  <testcase name="testAdicionarTarefa()" classname="ControladorTarefaTest" time="0.537"/>
  <testcase name="testEditarTarefa()" classname="ControladorTarefaTest" time="0.005"/>
  <testcase name="testAlterarStatus()" classname="ControladorTarefaTest" time="0.003"/>
  <testcase name="testRemoverTarefa()" classname="ControladorTarefaTest" time="0.003"/>
  <system-out><![CDATA[Iniciando teste: adicionar tarefa
Tarefa adicionada com sucesso!
Criando tarefa [ ] Título: Teste
Descrição: Descrição
Prioridade: 3
Categoria: Geral
Prazo: 2025-08-27
Status: TODO
Teste adicionar tarefa finalizado com sucesso

Iniciando teste: editar tarefa
Tarefa adicionada com sucesso!
Antes da edição: [ ] Título: Teste
Descrição: Descrição
Prioridade: 1
Categoria: Geral
Prazo: 2025-08-26
Status: TODO
Tarefa editada com sucesso!
Depois da edição: [ ] Título: Novo Título
Descrição: Nova Desc
Prioridade: 5
Categoria: Nova Cat
Prazo: 2025-08-31
Status: TODO
Teste editar tarefa finalizado com sucesso

Iniciando teste: alterar status
Tarefa adicionada com sucesso!
Status antes: TODO
Status da tarefa alterado para DONE
Status depois: DONE
Teste alterar status finalizado com sucesso

Iniciando teste: remover tarefa
Tarefa adicionada com sucesso!
Antes da remoção: [[ ] Título: T1
Descrição: D1
Prioridade: 1
Categoria: G1
Prazo: 2025-08-26
Status: TODO]
Tarefa removida.
Depois da remoção: []
Teste remover tarefa finalizado com sucesso

]]></system-out>
  <system-err><![CDATA[WARNING: A Java agent has been loaded dynamically (/home/cjones2077/.gradle/caches/modules-2/files-2.1/net.bytebuddy/byte-buddy-agent/1.14.6/46e2545d7a97b6ccb195621650c5957279eb4812/byte-buddy-agent-1.14.6.jar)
WARNING: If a serviceability tool is in use, please run with -XX:+EnableDynamicAgentLoading to hide this warning
WARNING: If a serviceability tool is not in use, please run with -Djdk.instrument.traceUsage for more information
WARNING: Dynamic loading of agents will be disallowed by default in a future release
]]></system-err>
</testsuite>
