<?xml version="1.0" encoding="UTF-8"?>
<testsuite name="ControladorTarefaTest" tests="4" skipped="0" failures="0" errors="0" timestamp="2025-08-25T21:11:05.045Z" hostname="carlos-b450tfaam4" time="0.546">
  <properties/>
  <testcase name="testAdicionarTarefa()" classname="ControladorTarefaTest" time="0.529"/>
  <testcase name="testEditarTarefa()" classname="ControladorTarefaTest" time="0.004"/>
  <testcase name="testAlterarStatus()" classname="ControladorTarefaTest" time="0.003"/>
  <testcase name="testRemoverTarefa()" classname="ControladorTarefaTest" time="0.002"/>
  <system-out><![CDATA[Tarefa adicionada com sucesso!
Tarefa adicionada com sucesso!
Tarefa editada com sucesso!
Tarefa adicionada com sucesso!
Status da tarefa alterado para DONE
Tarefa adicionada com sucesso!
Tarefa removida.
]]></system-out>
  <system-err><![CDATA[WARNING: A Java agent has been loaded dynamically (/home/cjones2077/.gradle/caches/modules-2/files-2.1/net.bytebuddy/byte-buddy-agent/1.14.6/46e2545d7a97b6ccb195621650c5957279eb4812/byte-buddy-agent-1.14.6.jar)
WARNING: If a serviceability tool is in use, please run with -XX:+EnableDynamicAgentLoading to hide this warning
WARNING: If a serviceability tool is not in use, please run with -Djdk.instrument.traceUsage for more information
WARNING: Dynamic loading of agents will be disallowed by default in a future release
]]></system-err>
</testsuite>
